build/app/intermediates/manifest_merge_blame_file/debug/manifest-merger-blame-debug-report.txt
1<?xml version="1.0" encoding="utf-8"?>
2<manifest xmlns:android="http://schemas.android.com/apk/res/android"
3    package="com.example.ecommerce"
4    android:versionCode="1"
5    android:versionName="1.0.0" >
6
7    <uses-sdk
8        android:minSdkVersion="23"
9        android:targetSdkVersion="34" />
10    <!--
11         The INTERNET permission is required for development. Specifically,
12         the Flutter tool needs it to communicate with the running application
13         to allow setting breakpoints, to provide hot reload, etc.
14    -->
15    <uses-permission android:name="android.permission.INTERNET" />
15-->src\debug\AndroidManifest.xml:6:5-66
15-->src\debug\AndroidManifest.xml:6:22-64
16    <!-- Required permissions for notifications -->
17    <uses-permission android:name="android.permission.RECEIVE_BOOT_COMPLETED" />
17-->src\main\AndroidManifest.xml:3:5-80
17-->src\main\AndroidManifest.xml:3:22-78
18    <!--
19 Required to query activities that can process text, see:
20         https://developer.android.com/training/package-visibility and
21         https://developer.android.com/reference/android/content/Intent#ACTION_PROCESS_TEXT.
22
23         In particular, this is used by the Flutter engine in io.flutter.plugin.text.ProcessTextPlugin.
24    -->
25    <queries>
25-->src\main\AndroidManifest.xml:48:5-53:15
26        <intent>
26-->src\main\AndroidManifest.xml:49:9-52:18
27            <action android:name="android.intent.action.PROCESS_TEXT" />
27-->src\main\AndroidManifest.xml:50:13-72
27-->src\main\AndroidManifest.xml:50:21-70
28
29            <data android:mimeType="text/plain" />
29-->src\main\AndroidManifest.xml:51:13-50
29-->src\main\AndroidManifest.xml:51:19-48
30        </intent>
31    </queries>
32
33    <uses-permission android:name="android.permission.VIBRATE" />
33-->[:flutter_local_notifications] AndroidManifest.xml:7:5-66
33-->[:flutter_local_notifications] AndroidManifest.xml:7:22-63
34    <uses-permission android:name="android.permission.POST_NOTIFICATIONS" />
34-->[:flutter_local_notifications] AndroidManifest.xml:8:5-77
34-->[:flutter_local_notifications] AndroidManifest.xml:8:22-74
35    <uses-permission android:name="android.permission.ACCESS_NETWORK_STATE" />
35-->[com.google.firebase:firebase-auth:23.0.0] AndroidManifest.xml:26:5-79
35-->[com.google.firebase:firebase-auth:23.0.0] AndroidManifest.xml:26:22-76
36    <uses-permission android:name="com.google.android.providers.gsf.permission.READ_GSERVICES" />
36-->[com.google.android.recaptcha:recaptcha:18.4.0] AndroidManifest.xml:9:5-98
36-->[com.google.android.recaptcha:recaptcha:18.4.0] AndroidManifest.xml:9:22-95
37
38    <permission
38-->[androidx.core:core:1.13.1] AndroidManifest.xml:22:5-24:47
39        android:name="com.example.ecommerce.DYNAMIC_RECEIVER_NOT_EXPORTED_PERMISSION"
39-->[androidx.core:core:1.13.1] AndroidManifest.xml:23:9-81
40        android:protectionLevel="signature" />
40-->[androidx.core:core:1.13.1] AndroidManifest.xml:24:9-44
41
42    <uses-permission android:name="com.example.ecommerce.DYNAMIC_RECEIVER_NOT_EXPORTED_PERMISSION" />
42-->[androidx.core:core:1.13.1] AndroidManifest.xml:26:5-97
42-->[androidx.core:core:1.13.1] AndroidManifest.xml:26:22-94
43
44    <application
45        android:name="android.app.Application"
46        android:appComponentFactory="androidx.core.app.CoreComponentFactory"
46-->[androidx.core:core:1.13.1] AndroidManifest.xml:28:18-86
47        android:debuggable="true"
48        android:extractNativeLibs="false"
49        android:icon="@mipmap/ic_launcher"
50        android:label="ecommerce" >
51        <activity
52            android:name="com.example.ecommerce.MainActivity"
53            android:configChanges="orientation|keyboardHidden|keyboard|screenSize|smallestScreenSize|locale|layoutDirection|fontScale|screenLayout|density|uiMode"
54            android:exported="true"
55            android:hardwareAccelerated="true"
56            android:launchMode="singleTop"
57            android:taskAffinity=""
58            android:theme="@style/LaunchTheme"
59            android:windowSoftInputMode="adjustResize" >
60
61            <!--
62                 Specifies an Android theme to apply to this Activity as soon as
63                 the Android process has started. This theme is visible to the user
64                 while the Flutter UI initializes. After that, this theme continues
65                 to determine the Window background behind the Flutter UI.
66            -->
67            <meta-data
68                android:name="io.flutter.embedding.android.NormalTheme"
69                android:resource="@style/NormalTheme" />
70
71            <intent-filter>
72                <action android:name="android.intent.action.MAIN" />
73
74                <category android:name="android.intent.category.LAUNCHER" />
75            </intent-filter>
76        </activity>
77
78        <!-- Notification service declarations -->
79        <service android:name="me.carda.awesome_notifications.notifications.receivers.ActionReceiver" />
80
81        <receiver
82            android:name="me.carda.awesome_notifications.notifications.receivers.NotificationReceiver"
83            android:exported="true" />
84
85        <!--
86             Don't delete the meta-data below.
87             This is used by the Flutter tool to generate GeneratedPluginRegistrant.java
88        -->
89        <meta-data
90            android:name="flutterEmbedding"
91            android:value="2" />
92
93        <service
93-->[:cloud_firestore] AndroidManifest.xml:8:9-12:19
94            android:name="com.google.firebase.components.ComponentDiscoveryService"
94-->[:cloud_firestore] AndroidManifest.xml:8:18-89
95            android:directBootAware="true"
95-->[com.google.firebase:firebase-common:21.0.0] AndroidManifest.xml:32:13-43
96            android:exported="false" >
96-->[com.google.firebase:firebase-auth:23.0.0] AndroidManifest.xml:68:13-37
97            <meta-data
97-->[:cloud_firestore] AndroidManifest.xml:9:13-11:85
98                android:name="com.google.firebase.components:io.flutter.plugins.firebase.firestore.FlutterFirebaseFirestoreRegistrar"
98-->[:cloud_firestore] AndroidManifest.xml:10:17-134
99                android:value="com.google.firebase.components.ComponentRegistrar" />
99-->[:cloud_firestore] AndroidManifest.xml:11:17-82
100            <meta-data
100-->[:firebase_auth] AndroidManifest.xml:9:13-11:85
101                android:name="com.google.firebase.components:io.flutter.plugins.firebase.auth.FlutterFirebaseAuthRegistrar"
101-->[:firebase_auth] AndroidManifest.xml:10:17-124
102                android:value="com.google.firebase.components.ComponentRegistrar" />
102-->[:firebase_auth] AndroidManifest.xml:11:17-82
103            <meta-data
103-->[:firebase_storage] AndroidManifest.xml:9:13-11:85
104                android:name="com.google.firebase.components:io.flutter.plugins.firebase.storage.FlutterFirebaseAppRegistrar"
104-->[:firebase_storage] AndroidManifest.xml:10:17-126
105                android:value="com.google.firebase.components.ComponentRegistrar" />
105-->[:firebase_storage] AndroidManifest.xml:11:17-82
106            <meta-data
106-->[:firebase_core] AndroidManifest.xml:9:13-11:85
107                android:name="com.google.firebase.components:io.flutter.plugins.firebase.core.FlutterFirebaseCoreRegistrar"
107-->[:firebase_core] AndroidManifest.xml:10:17-124
108                android:value="com.google.firebase.components.ComponentRegistrar" />
108-->[:firebase_core] AndroidManifest.xml:11:17-82
109            <meta-data
109-->[com.google.firebase:firebase-auth:23.0.0] AndroidManifest.xml:69:13-71:85
110                android:name="com.google.firebase.components:com.google.firebase.auth.FirebaseAuthRegistrar"
110-->[com.google.firebase:firebase-auth:23.0.0] AndroidManifest.xml:70:17-109
111                android:value="com.google.firebase.components.ComponentRegistrar" />
111-->[com.google.firebase:firebase-auth:23.0.0] AndroidManifest.xml:71:17-82
112            <meta-data
112-->[com.google.firebase:firebase-firestore:25.1.0] AndroidManifest.xml:17:13-19:85
113                android:name="com.google.firebase.components:com.google.firebase.firestore.FirebaseFirestoreKtxRegistrar"
113-->[com.google.firebase:firebase-firestore:25.1.0] AndroidManifest.xml:18:17-122
114                android:value="com.google.firebase.components.ComponentRegistrar" />
114-->[com.google.firebase:firebase-firestore:25.1.0] AndroidManifest.xml:19:17-82
115            <meta-data
115-->[com.google.firebase:firebase-firestore:25.1.0] AndroidManifest.xml:20:13-22:85
116                android:name="com.google.firebase.components:com.google.firebase.firestore.FirestoreRegistrar"
116-->[com.google.firebase:firebase-firestore:25.1.0] AndroidManifest.xml:21:17-111
117                android:value="com.google.firebase.components.ComponentRegistrar" />
117-->[com.google.firebase:firebase-firestore:25.1.0] AndroidManifest.xml:22:17-82
118            <meta-data
118-->[com.google.firebase:firebase-storage:21.0.0] AndroidManifest.xml:30:13-32:85
119                android:name="com.google.firebase.components:com.google.firebase.storage.FirebaseStorageKtxRegistrar"
119-->[com.google.firebase:firebase-storage:21.0.0] AndroidManifest.xml:31:17-118
120                android:value="com.google.firebase.components.ComponentRegistrar" />
120-->[com.google.firebase:firebase-storage:21.0.0] AndroidManifest.xml:32:17-82
121            <meta-data
121-->[com.google.firebase:firebase-storage:21.0.0] AndroidManifest.xml:33:13-35:85
122                android:name="com.google.firebase.components:com.google.firebase.storage.StorageRegistrar"
122-->[com.google.firebase:firebase-storage:21.0.0] AndroidManifest.xml:34:17-107
123                android:value="com.google.firebase.components.ComponentRegistrar" />
123-->[com.google.firebase:firebase-storage:21.0.0] AndroidManifest.xml:35:17-82
124            <meta-data
124-->[com.google.firebase:firebase-appcheck:18.0.0] AndroidManifest.xml:25:13-27:85
125                android:name="com.google.firebase.components:com.google.firebase.appcheck.FirebaseAppCheckKtxRegistrar"
125-->[com.google.firebase:firebase-appcheck:18.0.0] AndroidManifest.xml:26:17-120
126                android:value="com.google.firebase.components.ComponentRegistrar" />
126-->[com.google.firebase:firebase-appcheck:18.0.0] AndroidManifest.xml:27:17-82
127            <meta-data
127-->[com.google.firebase:firebase-appcheck:18.0.0] AndroidManifest.xml:28:13-30:85
128                android:name="com.google.firebase.components:com.google.firebase.appcheck.FirebaseAppCheckRegistrar"
128-->[com.google.firebase:firebase-appcheck:18.0.0] AndroidManifest.xml:29:17-117
129                android:value="com.google.firebase.components.ComponentRegistrar" />
129-->[com.google.firebase:firebase-appcheck:18.0.0] AndroidManifest.xml:30:17-82
130            <meta-data
130-->[com.google.firebase:firebase-common-ktx:21.0.0] AndroidManifest.xml:12:13-14:85
131                android:name="com.google.firebase.components:com.google.firebase.ktx.FirebaseCommonLegacyRegistrar"
131-->[com.google.firebase:firebase-common-ktx:21.0.0] AndroidManifest.xml:13:17-116
132                android:value="com.google.firebase.components.ComponentRegistrar" />
132-->[com.google.firebase:firebase-common-ktx:21.0.0] AndroidManifest.xml:14:17-82
133            <meta-data
133-->[com.google.firebase:firebase-common:21.0.0] AndroidManifest.xml:35:13-37:85
134                android:name="com.google.firebase.components:com.google.firebase.FirebaseCommonKtxRegistrar"
134-->[com.google.firebase:firebase-common:21.0.0] AndroidManifest.xml:36:17-109
135                android:value="com.google.firebase.components.ComponentRegistrar" />
135-->[com.google.firebase:firebase-common:21.0.0] AndroidManifest.xml:37:17-82
136        </service>
137
138        <activity
138-->[com.google.firebase:firebase-auth:23.0.0] AndroidManifest.xml:29:9-46:20
139            android:name="com.google.firebase.auth.internal.GenericIdpActivity"
139-->[com.google.firebase:firebase-auth:23.0.0] AndroidManifest.xml:30:13-80
140            android:excludeFromRecents="true"
140-->[com.google.firebase:firebase-auth:23.0.0] AndroidManifest.xml:31:13-46
141            android:exported="true"
141-->[com.google.firebase:firebase-auth:23.0.0] AndroidManifest.xml:32:13-36
142            android:launchMode="singleTask"
142-->[com.google.firebase:firebase-auth:23.0.0] AndroidManifest.xml:33:13-44
143            android:theme="@android:style/Theme.Translucent.NoTitleBar" >
143-->[com.google.firebase:firebase-auth:23.0.0] AndroidManifest.xml:34:13-72
144            <intent-filter>
144-->[com.google.firebase:firebase-auth:23.0.0] AndroidManifest.xml:35:13-45:29
145                <action android:name="android.intent.action.VIEW" />
145-->[com.google.firebase:firebase-auth:23.0.0] AndroidManifest.xml:36:17-69
145-->[com.google.firebase:firebase-auth:23.0.0] AndroidManifest.xml:36:25-66
146
147                <category android:name="android.intent.category.DEFAULT" />
147-->[com.google.firebase:firebase-auth:23.0.0] AndroidManifest.xml:38:17-76
147-->[com.google.firebase:firebase-auth:23.0.0] AndroidManifest.xml:38:27-73
148                <category android:name="android.intent.category.BROWSABLE" />
148-->[com.google.firebase:firebase-auth:23.0.0] AndroidManifest.xml:39:17-78
148-->[com.google.firebase:firebase-auth:23.0.0] AndroidManifest.xml:39:27-75
149
150                <data
150-->src\main\AndroidManifest.xml:51:13-50
151                    android:host="firebase.auth"
152                    android:path="/"
153                    android:scheme="genericidp" />
154            </intent-filter>
155        </activity>
156        <activity
156-->[com.google.firebase:firebase-auth:23.0.0] AndroidManifest.xml:47:9-64:20
157            android:name="com.google.firebase.auth.internal.RecaptchaActivity"
157-->[com.google.firebase:firebase-auth:23.0.0] AndroidManifest.xml:48:13-79
158            android:excludeFromRecents="true"
158-->[com.google.firebase:firebase-auth:23.0.0] AndroidManifest.xml:49:13-46
159            android:exported="true"
159-->[com.google.firebase:firebase-auth:23.0.0] AndroidManifest.xml:50:13-36
160            android:launchMode="singleTask"
160-->[com.google.firebase:firebase-auth:23.0.0] AndroidManifest.xml:51:13-44
161            android:theme="@android:style/Theme.Translucent.NoTitleBar" >
161-->[com.google.firebase:firebase-auth:23.0.0] AndroidManifest.xml:52:13-72
162            <intent-filter>
162-->[com.google.firebase:firebase-auth:23.0.0] AndroidManifest.xml:53:13-63:29
163                <action android:name="android.intent.action.VIEW" />
163-->[com.google.firebase:firebase-auth:23.0.0] AndroidManifest.xml:36:17-69
163-->[com.google.firebase:firebase-auth:23.0.0] AndroidManifest.xml:36:25-66
164
165                <category android:name="android.intent.category.DEFAULT" />
165-->[com.google.firebase:firebase-auth:23.0.0] AndroidManifest.xml:38:17-76
165-->[com.google.firebase:firebase-auth:23.0.0] AndroidManifest.xml:38:27-73
166                <category android:name="android.intent.category.BROWSABLE" />
166-->[com.google.firebase:firebase-auth:23.0.0] AndroidManifest.xml:39:17-78
166-->[com.google.firebase:firebase-auth:23.0.0] AndroidManifest.xml:39:27-75
167
168                <data
168-->src\main\AndroidManifest.xml:51:13-50
169                    android:host="firebase.auth"
170                    android:path="/"
171                    android:scheme="recaptcha" />
172            </intent-filter>
173        </activity>
174
175        <service
175-->[androidx.credentials:credentials-play-services-auth:1.2.0-rc01] AndroidManifest.xml:24:9-32:19
176            android:name="androidx.credentials.playservices.CredentialProviderMetadataHolder"
176-->[androidx.credentials:credentials-play-services-auth:1.2.0-rc01] AndroidManifest.xml:25:13-94
177            android:enabled="true"
177-->[androidx.credentials:credentials-play-services-auth:1.2.0-rc01] AndroidManifest.xml:26:13-35
178            android:exported="false" >
178-->[androidx.credentials:credentials-play-services-auth:1.2.0-rc01] AndroidManifest.xml:27:13-37
179            <meta-data
179-->[androidx.credentials:credentials-play-services-auth:1.2.0-rc01] AndroidManifest.xml:29:13-31:104
180                android:name="androidx.credentials.CREDENTIAL_PROVIDER_KEY"
180-->[androidx.credentials:credentials-play-services-auth:1.2.0-rc01] AndroidManifest.xml:30:17-76
181                android:value="androidx.credentials.playservices.CredentialProviderPlayServicesImpl" />
181-->[androidx.credentials:credentials-play-services-auth:1.2.0-rc01] AndroidManifest.xml:31:17-101
182        </service>
183
184        <activity
184-->[androidx.credentials:credentials-play-services-auth:1.2.0-rc01] AndroidManifest.xml:34:9-41:20
185            android:name="androidx.credentials.playservices.HiddenActivity"
185-->[androidx.credentials:credentials-play-services-auth:1.2.0-rc01] AndroidManifest.xml:35:13-76
186            android:configChanges="orientation|screenSize|screenLayout|keyboardHidden"
186-->[androidx.credentials:credentials-play-services-auth:1.2.0-rc01] AndroidManifest.xml:36:13-87
187            android:enabled="true"
187-->[androidx.credentials:credentials-play-services-auth:1.2.0-rc01] AndroidManifest.xml:37:13-35
188            android:exported="false"
188-->[androidx.credentials:credentials-play-services-auth:1.2.0-rc01] AndroidManifest.xml:38:13-37
189            android:fitsSystemWindows="true"
189-->[androidx.credentials:credentials-play-services-auth:1.2.0-rc01] AndroidManifest.xml:39:13-45
190            android:theme="@style/Theme.Hidden" >
190-->[androidx.credentials:credentials-play-services-auth:1.2.0-rc01] AndroidManifest.xml:40:13-48
191        </activity>
192
193        <uses-library
193-->[androidx.window:window:1.2.0] AndroidManifest.xml:23:9-25:40
194            android:name="androidx.window.extensions"
194-->[androidx.window:window:1.2.0] AndroidManifest.xml:24:13-54
195            android:required="false" />
195-->[androidx.window:window:1.2.0] AndroidManifest.xml:25:13-37
196        <uses-library
196-->[androidx.window:window:1.2.0] AndroidManifest.xml:26:9-28:40
197            android:name="androidx.window.sidecar"
197-->[androidx.window:window:1.2.0] AndroidManifest.xml:27:13-51
198            android:required="false" />
198-->[androidx.window:window:1.2.0] AndroidManifest.xml:28:13-37
199
200        <provider
200-->[com.google.firebase:firebase-common:21.0.0] AndroidManifest.xml:23:9-28:39
201            android:name="com.google.firebase.provider.FirebaseInitProvider"
201-->[com.google.firebase:firebase-common:21.0.0] AndroidManifest.xml:24:13-77
202            android:authorities="com.example.ecommerce.firebaseinitprovider"
202-->[com.google.firebase:firebase-common:21.0.0] AndroidManifest.xml:25:13-72
203            android:directBootAware="true"
203-->[com.google.firebase:firebase-common:21.0.0] AndroidManifest.xml:26:13-43
204            android:exported="false"
204-->[com.google.firebase:firebase-common:21.0.0] AndroidManifest.xml:27:13-37
205            android:initOrder="100" />
205-->[com.google.firebase:firebase-common:21.0.0] AndroidManifest.xml:28:13-36
206
207        <activity
207-->[com.google.android.gms:play-services-auth:20.7.0] AndroidManifest.xml:23:9-27:75
208            android:name="com.google.android.gms.auth.api.signin.internal.SignInHubActivity"
208-->[com.google.android.gms:play-services-auth:20.7.0] AndroidManifest.xml:24:13-93
209            android:excludeFromRecents="true"
209-->[com.google.android.gms:play-services-auth:20.7.0] AndroidManifest.xml:25:13-46
210            android:exported="false"
210-->[com.google.android.gms:play-services-auth:20.7.0] AndroidManifest.xml:26:13-37
211            android:theme="@android:style/Theme.Translucent.NoTitleBar" />
211-->[com.google.android.gms:play-services-auth:20.7.0] AndroidManifest.xml:27:13-72
212        <!--
213            Service handling Google Sign-In user revocation. For apps that do not integrate with
214            Google Sign-In, this service will never be started.
215        -->
216        <service
216-->[com.google.android.gms:play-services-auth:20.7.0] AndroidManifest.xml:33:9-37:51
217            android:name="com.google.android.gms.auth.api.signin.RevocationBoundService"
217-->[com.google.android.gms:play-services-auth:20.7.0] AndroidManifest.xml:34:13-89
218            android:exported="true"
218-->[com.google.android.gms:play-services-auth:20.7.0] AndroidManifest.xml:35:13-36
219            android:permission="com.google.android.gms.auth.api.signin.permission.REVOCATION_NOTIFICATION"
219-->[com.google.android.gms:play-services-auth:20.7.0] AndroidManifest.xml:36:13-107
220            android:visibleToInstantApps="true" />
220-->[com.google.android.gms:play-services-auth:20.7.0] AndroidManifest.xml:37:13-48
221
222        <activity
222-->[com.google.android.gms:play-services-base:18.1.0] AndroidManifest.xml:20:9-22:45
223            android:name="com.google.android.gms.common.api.GoogleApiActivity"
223-->[com.google.android.gms:play-services-base:18.1.0] AndroidManifest.xml:20:19-85
224            android:exported="false"
224-->[com.google.android.gms:play-services-base:18.1.0] AndroidManifest.xml:22:19-43
225            android:theme="@android:style/Theme.Translucent.NoTitleBar" />
225-->[com.google.android.gms:play-services-base:18.1.0] AndroidManifest.xml:21:19-78
226
227        <meta-data
227-->[com.google.android.gms:play-services-basement:18.3.0] AndroidManifest.xml:21:9-23:69
228            android:name="com.google.android.gms.version"
228-->[com.google.android.gms:play-services-basement:18.3.0] AndroidManifest.xml:22:13-58
229            android:value="@integer/google_play_services_version" />
229-->[com.google.android.gms:play-services-basement:18.3.0] AndroidManifest.xml:23:13-66
230
231        <provider
231-->[androidx.lifecycle:lifecycle-process:2.7.0] AndroidManifest.xml:24:9-32:20
232            android:name="androidx.startup.InitializationProvider"
232-->[androidx.lifecycle:lifecycle-process:2.7.0] AndroidManifest.xml:25:13-67
233            android:authorities="com.example.ecommerce.androidx-startup"
233-->[androidx.lifecycle:lifecycle-process:2.7.0] AndroidManifest.xml:26:13-68
234            android:exported="false" >
234-->[androidx.lifecycle:lifecycle-process:2.7.0] AndroidManifest.xml:27:13-37
235            <meta-data
235-->[androidx.lifecycle:lifecycle-process:2.7.0] AndroidManifest.xml:29:13-31:52
236                android:name="androidx.lifecycle.ProcessLifecycleInitializer"
236-->[androidx.lifecycle:lifecycle-process:2.7.0] AndroidManifest.xml:30:17-78
237                android:value="androidx.startup" />
237-->[androidx.lifecycle:lifecycle-process:2.7.0] AndroidManifest.xml:31:17-49
238            <meta-data
238-->[androidx.profileinstaller:profileinstaller:1.3.1] AndroidManifest.xml:29:13-31:52
239                android:name="androidx.profileinstaller.ProfileInstallerInitializer"
239-->[androidx.profileinstaller:profileinstaller:1.3.1] AndroidManifest.xml:30:17-85
240                android:value="androidx.startup" />
240-->[androidx.profileinstaller:profileinstaller:1.3.1] AndroidManifest.xml:31:17-49
241        </provider>
242
243        <receiver
243-->[androidx.profileinstaller:profileinstaller:1.3.1] AndroidManifest.xml:34:9-52:20
244            android:name="androidx.profileinstaller.ProfileInstallReceiver"
244-->[androidx.profileinstaller:profileinstaller:1.3.1] AndroidManifest.xml:35:13-76
245            android:directBootAware="false"
245-->[androidx.profileinstaller:profileinstaller:1.3.1] AndroidManifest.xml:36:13-44
246            android:enabled="true"
246-->[androidx.profileinstaller:profileinstaller:1.3.1] AndroidManifest.xml:37:13-35
247            android:exported="true"
247-->[androidx.profileinstaller:profileinstaller:1.3.1] AndroidManifest.xml:38:13-36
248            android:permission="android.permission.DUMP" >
248-->[androidx.profileinstaller:profileinstaller:1.3.1] AndroidManifest.xml:39:13-57
249            <intent-filter>
249-->[androidx.profileinstaller:profileinstaller:1.3.1] AndroidManifest.xml:40:13-42:29
250                <action android:name="androidx.profileinstaller.action.INSTALL_PROFILE" />
250-->[androidx.profileinstaller:profileinstaller:1.3.1] AndroidManifest.xml:41:17-91
250-->[androidx.profileinstaller:profileinstaller:1.3.1] AndroidManifest.xml:41:25-88
251            </intent-filter>
252            <intent-filter>
252-->[androidx.profileinstaller:profileinstaller:1.3.1] AndroidManifest.xml:43:13-45:29
253                <action android:name="androidx.profileinstaller.action.SKIP_FILE" />
253-->[androidx.profileinstaller:profileinstaller:1.3.1] AndroidManifest.xml:44:17-85
253-->[androidx.profileinstaller:profileinstaller:1.3.1] AndroidManifest.xml:44:25-82
254            </intent-filter>
255            <intent-filter>
255-->[androidx.profileinstaller:profileinstaller:1.3.1] AndroidManifest.xml:46:13-48:29
256                <action android:name="androidx.profileinstaller.action.SAVE_PROFILE" />
256-->[androidx.profileinstaller:profileinstaller:1.3.1] AndroidManifest.xml:47:17-88
256-->[androidx.profileinstaller:profileinstaller:1.3.1] AndroidManifest.xml:47:25-85
257            </intent-filter>
258            <intent-filter>
258-->[androidx.profileinstaller:profileinstaller:1.3.1] AndroidManifest.xml:49:13-51:29
259                <action android:name="androidx.profileinstaller.action.BENCHMARK_OPERATION" />
259-->[androidx.profileinstaller:profileinstaller:1.3.1] AndroidManifest.xml:50:17-95
259-->[androidx.profileinstaller:profileinstaller:1.3.1] AndroidManifest.xml:50:25-92
260            </intent-filter>
261        </receiver>
262    </application>
263
264</manifest>